[0.370s] Invoking command in '/workspace/src/chicken_brain': PYTHONPATH=/workspace/build/chicken_brain/prefix_override:/usr/lib/python3/dist-packages/colcon_core/task/python/colcon_distutils_commands:/workspace/install/chicken_brain/lib/python3.10/site-packages:${PYTHONPATH} /usr/bin/python3 -W ignore:setup.py install is deprecated -W ignore:easy_install command is deprecated setup.py egg_info --egg-base ../../build/chicken_brain build --build-base /workspace/build/chicken_brain/build install --record /workspace/build/chicken_brain/install.log --single-version-externally-managed install_data
[0.447s] running egg_info
[0.449s] writing ../../build/chicken_brain/chicken_brain.egg-info/PKG-INFO
[0.450s] writing dependency_links to ../../build/chicken_brain/chicken_brain.egg-info/dependency_links.txt
[0.451s] writing entry points to ../../build/chicken_brain/chicken_brain.egg-info/entry_points.txt
[0.451s] writing requirements to ../../build/chicken_brain/chicken_brain.egg-info/requires.txt
[0.452s] writing top-level names to ../../build/chicken_brain/chicken_brain.egg-info/top_level.txt
[0.453s] reading manifest file '../../build/chicken_brain/chicken_brain.egg-info/SOURCES.txt'
[0.454s] writing manifest file '../../build/chicken_brain/chicken_brain.egg-info/SOURCES.txt'
[0.455s] running build
[0.455s] running build_py
[0.455s] running install
[0.455s] running install_lib
[0.456s] running install_data
[0.456s] running install_egg_info
[0.457s] removing '/workspace/install/chicken_brain/lib/python3.10/site-packages/chicken_brain-0.0.0-py3.10.egg-info' (and everything under it)
[0.459s] Copying ../../build/chicken_brain/chicken_brain.egg-info to /workspace/install/chicken_brain/lib/python3.10/site-packages/chicken_brain-0.0.0-py3.10.egg-info
[0.464s] running install_scripts
[0.475s] Installing logger script to /workspace/install/chicken_brain/lib/chicken_brain
[0.475s] Installing navigator script to /workspace/install/chicken_brain/lib/chicken_brain
[0.475s] Installing vision_node script to /workspace/install/chicken_brain/lib/chicken_brain
[0.476s] writing list of installed files to '/workspace/build/chicken_brain/install.log'
[0.495s] Invoked command in '/workspace/src/chicken_brain' returned '0': PYTHONPATH=/workspace/build/chicken_brain/prefix_override:/usr/lib/python3/dist-packages/colcon_core/task/python/colcon_distutils_commands:/workspace/install/chicken_brain/lib/python3.10/site-packages:${PYTHONPATH} /usr/bin/python3 -W ignore:setup.py install is deprecated -W ignore:easy_install command is deprecated setup.py egg_info --egg-base ../../build/chicken_brain build --build-base /workspace/build/chicken_brain/build install --record /workspace/build/chicken_brain/install.log --single-version-externally-managed install_data
