running egg_info
writing ../../build/chicken_brain/chicken_brain.egg-info/PKG-INFO
writing dependency_links to ../../build/chicken_brain/chicken_brain.egg-info/dependency_links.txt
writing entry points to ../../build/chicken_brain/chicken_brain.egg-info/entry_points.txt
writing requirements to ../../build/chicken_brain/chicken_brain.egg-info/requires.txt
writing top-level names to ../../build/chicken_brain/chicken_brain.egg-info/top_level.txt
reading manifest file '../../build/chicken_brain/chicken_brain.egg-info/SOURCES.txt'
writing manifest file '../../build/chicken_brain/chicken_brain.egg-info/SOURCES.txt'
running build
running build_py
copying chicken_brain/vision_node.py -> /workspace/build/chicken_brain/build/lib/chicken_brain
copying chicken_brain/navigator.py -> /workspace/build/chicken_brain/build/lib/chicken_brain
running install
running install_lib
copying /workspace/build/chicken_brain/build/lib/chicken_brain/vision_node.py -> /workspace/install/chicken_brain/lib/python3.10/site-packages/chicken_brain
copying /workspace/build/chicken_brain/build/lib/chicken_brain/navigator.py -> /workspace/install/chicken_brain/lib/python3.10/site-packages/chicken_brain
byte-compiling /workspace/install/chicken_brain/lib/python3.10/site-packages/chicken_brain/vision_node.py to vision_node.cpython-310.pyc
byte-compiling /workspace/install/chicken_brain/lib/python3.10/site-packages/chicken_brain/navigator.py to navigator.cpython-310.pyc
running install_data
running install_egg_info
removing '/workspace/install/chicken_brain/lib/python3.10/site-packages/chicken_brain-0.0.0-py3.10.egg-info' (and everything under it)
Copying ../../build/chicken_brain/chicken_brain.egg-info to /workspace/install/chicken_brain/lib/python3.10/site-packages/chicken_brain-0.0.0-py3.10.egg-info
running install_scripts
Installing logger script to /workspace/install/chicken_brain/lib/chicken_brain
Installing navigator script to /workspace/install/chicken_brain/lib/chicken_brain
Installing vision_node script to /workspace/install/chicken_brain/lib/chicken_brain
writing list of installed files to '/workspace/build/chicken_brain/install.log'
