[0.000000] (-) TimerEvent: {}
[0.000917] (chicken_brain) JobQueued: {'identifier': 'chicken_brain', 'dependencies': OrderedDict()}
[0.001051] (ros_tcp_endpoint) JobQueued: {'identifier': 'ros_tcp_endpoint', 'dependencies': OrderedDict()}
[0.001360] (chicken_brain) JobStarted: {'identifier': 'chicken_brain'}
[0.005008] (ros_tcp_endpoint) JobStarted: {'identifier': 'ros_tcp_endpoint'}
[0.099999] (-) TimerEvent: {}
[0.200801] (-) TimerEvent: {}
[0.287494] (chicken_brain) Command: {'cmd': ['/usr/bin/python3', '-W', 'ignore:setup.py install is deprecated', '-W', 'ignore:easy_install command is deprecated', 'setup.py', 'egg_info', '--egg-base', '../../build/chicken_brain', 'build', '--build-base', '/workspace/build/chicken_brain/build', 'install', '--record', '/workspace/build/chicken_brain/install.log', '--single-version-externally-managed', 'install_data'], 'cwd': '/workspace/src/chicken_brain', 'env': {'HOSTNAME': 'cdeec75fc98d', 'SHLVL': '1', 'LD_LIBRARY_PATH': '/opt/ros/humble/lib/aarch64-linux-gnu:/opt/ros/humble/lib', 'HOME': '/root', 'OLDPWD': '/', 'ROS_PYTHON_VERSION': '3', 'ROS_DISTRO': 'humble', '_': '/usr/bin/colcon', 'ROS_VERSION': '2', 'TERM': 'xterm', 'ROS_LOCALHOST_ONLY': '0', 'PATH': '/opt/ros/humble/bin:/usr/local/sbin:/usr/local/bin:/usr/sbin:/usr/bin:/sbin:/bin', 'LANG': 'C.UTF-8', 'AMENT_PREFIX_PATH': '/opt/ros/humble', 'PWD': '/workspace/build/chicken_brain', 'LC_ALL': 'C.UTF-8', 'PYTHONPATH': '/workspace/build/chicken_brain/prefix_override:/usr/lib/python3/dist-packages/colcon_core/task/python/colcon_distutils_commands:/workspace/install/chicken_brain/lib/python3.10/site-packages:/opt/ros/humble/lib/python3.10/site-packages:/opt/ros/humble/local/lib/python3.10/dist-packages', 'COLCON': '1'}, 'shell': False}
[0.295393] (ros_tcp_endpoint) Command: {'cmd': ['/usr/bin/python3', '-W', 'ignore:setup.py install is deprecated', '-W', 'ignore:easy_install command is deprecated', 'setup.py', 'egg_info', '--egg-base', '../../build/ros_tcp_endpoint', 'build', '--build-base', '/workspace/build/ros_tcp_endpoint/build', 'install', '--record', '/workspace/build/ros_tcp_endpoint/install.log', '--install-scripts', '$base/lib/ros_tcp_endpoint', '--single-version-externally-managed', 'install_data'], 'cwd': '/workspace/src/ROS-TCP-Endpoint', 'env': {'HOSTNAME': 'cdeec75fc98d', 'SHLVL': '1', 'LD_LIBRARY_PATH': '/opt/ros/humble/lib/aarch64-linux-gnu:/opt/ros/humble/lib', 'HOME': '/root', 'OLDPWD': '/', 'ROS_PYTHON_VERSION': '3', 'ROS_DISTRO': 'humble', '_': '/usr/bin/colcon', 'ROS_VERSION': '2', 'TERM': 'xterm', 'ROS_LOCALHOST_ONLY': '0', 'PATH': '/opt/ros/humble/bin:/usr/local/sbin:/usr/local/bin:/usr/sbin:/usr/bin:/sbin:/bin', 'LANG': 'C.UTF-8', 'AMENT_PREFIX_PATH': '/opt/ros/humble', 'PWD': '/workspace/build/ros_tcp_endpoint', 'LC_ALL': 'C.UTF-8', 'PYTHONPATH': '/workspace/build/ros_tcp_endpoint/prefix_override:/usr/lib/python3/dist-packages/colcon_core/task/python/colcon_distutils_commands:/workspace/install/ros_tcp_endpoint/lib/python3.10/site-packages:/opt/ros/humble/lib/python3.10/site-packages:/opt/ros/humble/local/lib/python3.10/dist-packages', 'COLCON': '1'}, 'shell': False}
[0.301796] (-) TimerEvent: {}
[0.360332] (ros_tcp_endpoint) StderrLine: {'line': b"/usr/lib/python3/dist-packages/setuptools/dist.py:723: UserWarning: Usage of dash-separated 'script-dir' will not be supported in future versions. Please use the underscore name 'script_dir' instead\n"}
[0.360824] (ros_tcp_endpoint) StderrLine: {'line': b'  warnings.warn(\n'}
[0.362595] (chicken_brain) StdoutLine: {'line': b'running egg_info\n'}
[0.363244] (chicken_brain) StdoutLine: {'line': b'writing ../../build/chicken_brain/chicken_brain.egg-info/PKG-INFO\n'}
[0.363785] (chicken_brain) StdoutLine: {'line': b'writing dependency_links to ../../build/chicken_brain/chicken_brain.egg-info/dependency_links.txt\n'}
[0.364219] (chicken_brain) StdoutLine: {'line': b'writing entry points to ../../build/chicken_brain/chicken_brain.egg-info/entry_points.txt\n'}
[0.364543] (chicken_brain) StdoutLine: {'line': b'writing requirements to ../../build/chicken_brain/chicken_brain.egg-info/requires.txt\n'}
[0.364908] (chicken_brain) StdoutLine: {'line': b'writing top-level names to ../../build/chicken_brain/chicken_brain.egg-info/top_level.txt\n'}
[0.365543] (ros_tcp_endpoint) StdoutLine: {'line': b'running egg_info\n'}
[0.366104] (ros_tcp_endpoint) StdoutLine: {'line': b'writing ../../build/ros_tcp_endpoint/ros_tcp_endpoint.egg-info/PKG-INFO\n'}
[0.366569] (ros_tcp_endpoint) StdoutLine: {'line': b'writing dependency_links to ../../build/ros_tcp_endpoint/ros_tcp_endpoint.egg-info/dependency_links.txt\n'}
[0.367031] (ros_tcp_endpoint) StdoutLine: {'line': b'writing entry points to ../../build/ros_tcp_endpoint/ros_tcp_endpoint.egg-info/entry_points.txt\n'}
[0.367325] (ros_tcp_endpoint) StdoutLine: {'line': b'writing requirements to ../../build/ros_tcp_endpoint/ros_tcp_endpoint.egg-info/requires.txt\n'}
[0.367692] (chicken_brain) StdoutLine: {'line': b"reading manifest file '../../build/chicken_brain/chicken_brain.egg-info/SOURCES.txt'\n"}
[0.368664] (ros_tcp_endpoint) StdoutLine: {'line': b'writing top-level names to ../../build/ros_tcp_endpoint/ros_tcp_endpoint.egg-info/top_level.txt\n'}
[0.369392] (chicken_brain) StdoutLine: {'line': b"writing manifest file '../../build/chicken_brain/chicken_brain.egg-info/SOURCES.txt'\n"}
[0.369662] (chicken_brain) StdoutLine: {'line': b'running build\n'}
[0.369865] (chicken_brain) StdoutLine: {'line': b'running build_py\n'}
[0.370324] (chicken_brain) StdoutLine: {'line': b'copying chicken_brain/navigator.py -> /workspace/build/chicken_brain/build/lib/chicken_brain\n'}
[0.371436] (chicken_brain) StdoutLine: {'line': b'running install\n'}
[0.371584] (chicken_brain) StdoutLine: {'line': b'running install_lib\n'}
[0.371767] (ros_tcp_endpoint) StdoutLine: {'line': b"reading manifest file '../../build/ros_tcp_endpoint/ros_tcp_endpoint.egg-info/SOURCES.txt'\n"}
[0.372854] (chicken_brain) StdoutLine: {'line': b'copying /workspace/build/chicken_brain/build/lib/chicken_brain/navigator.py -> /workspace/install/chicken_brain/lib/python3.10/site-packages/chicken_brain\n'}
[0.373100] (ros_tcp_endpoint) StdoutLine: {'line': b"adding license file 'LICENSE'\n"}
[0.373365] (ros_tcp_endpoint) StdoutLine: {'line': b"writing manifest file '../../build/ros_tcp_endpoint/ros_tcp_endpoint.egg-info/SOURCES.txt'\n"}
[0.373584] (ros_tcp_endpoint) StdoutLine: {'line': b'running build\n'}
[0.373702] (ros_tcp_endpoint) StdoutLine: {'line': b'running build_py\n'}
[0.374273] (chicken_brain) StdoutLine: {'line': b'byte-compiling /workspace/install/chicken_brain/lib/python3.10/site-packages/chicken_brain/navigator.py to navigator.cpython-310.pyc\n'}
[0.375778] (chicken_brain) StdoutLine: {'line': b'running install_data\n'}
[0.375932] (ros_tcp_endpoint) StdoutLine: {'line': b'running install\n'}
[0.376074] (chicken_brain) StdoutLine: {'line': b'running install_egg_info\n'}
[0.376170] (ros_tcp_endpoint) StdoutLine: {'line': b'running install_lib\n'}
[0.376844] (chicken_brain) StdoutLine: {'line': b"removing '/workspace/install/chicken_brain/lib/python3.10/site-packages/chicken_brain-0.0.0-py3.10.egg-info' (and everything under it)\n"}
[0.378090] (chicken_brain) StdoutLine: {'line': b'Copying ../../build/chicken_brain/chicken_brain.egg-info to /workspace/install/chicken_brain/lib/python3.10/site-packages/chicken_brain-0.0.0-py3.10.egg-info\n'}
[0.378599] (ros_tcp_endpoint) StdoutLine: {'line': b'running install_data\n'}
[0.379194] (ros_tcp_endpoint) StdoutLine: {'line': b'running install_egg_info\n'}
[0.380247] (ros_tcp_endpoint) StdoutLine: {'line': b"removing '/workspace/install/ros_tcp_endpoint/lib/python3.10/site-packages/ros_tcp_endpoint-0.0.1-py3.10.egg-info' (and everything under it)\n"}
[0.381586] (ros_tcp_endpoint) StdoutLine: {'line': b'Copying ../../build/ros_tcp_endpoint/ros_tcp_endpoint.egg-info to /workspace/install/ros_tcp_endpoint/lib/python3.10/site-packages/ros_tcp_endpoint-0.0.1-py3.10.egg-info\n'}
[0.386065] (chicken_brain) StdoutLine: {'line': b'running install_scripts\n'}
[0.388231] (ros_tcp_endpoint) StdoutLine: {'line': b'running install_scripts\n'}
[0.396197] (chicken_brain) StdoutLine: {'line': b'Installing logger script to /workspace/install/chicken_brain/lib/chicken_brain\n'}
[0.396824] (chicken_brain) StdoutLine: {'line': b'Installing navigator script to /workspace/install/chicken_brain/lib/chicken_brain\n'}
[0.397294] (chicken_brain) StdoutLine: {'line': b'Installing vision_node script to /workspace/install/chicken_brain/lib/chicken_brain\n'}
[0.397866] (chicken_brain) StdoutLine: {'line': b"writing list of installed files to '/workspace/build/chicken_brain/install.log'\n"}
[0.398208] (ros_tcp_endpoint) StdoutLine: {'line': b'Installing default_server_endpoint script to /workspace/install/ros_tcp_endpoint/lib/ros_tcp_endpoint\n'}
[0.398994] (ros_tcp_endpoint) StdoutLine: {'line': b"writing list of installed files to '/workspace/build/ros_tcp_endpoint/install.log'\n"}
[0.403008] (-) TimerEvent: {}
[0.414008] (chicken_brain) CommandEnded: {'returncode': 0}
[0.422512] (chicken_brain) JobEnded: {'identifier': 'chicken_brain', 'rc': 0}
[0.423674] (ros_tcp_endpoint) CommandEnded: {'returncode': 0}
[0.430112] (ros_tcp_endpoint) JobEnded: {'identifier': 'ros_tcp_endpoint', 'rc': 0}
[0.431215] (-) EventReactorShutdown: {}
