/workspace/install/chicken_brain/lib/python3.10/site-packages/chicken_brain/__init__.py
/workspace/install/chicken_brain/lib/python3.10/site-packages/chicken_brain/logger_node.py
/workspace/install/chicken_brain/lib/python3.10/site-packages/chicken_brain/vision_node.py
/workspace/install/chicken_brain/lib/python3.10/site-packages/chicken_brain/navigator.py
/workspace/install/chicken_brain/lib/python3.10/site-packages/chicken_brain/__pycache__/__init__.cpython-310.pyc
/workspace/install/chicken_brain/lib/python3.10/site-packages/chicken_brain/__pycache__/logger_node.cpython-310.pyc
/workspace/install/chicken_brain/lib/python3.10/site-packages/chicken_brain/__pycache__/vision_node.cpython-310.pyc
/workspace/install/chicken_brain/lib/python3.10/site-packages/chicken_brain/__pycache__/navigator.cpython-310.pyc
/workspace/install/chicken_brain/share/ament_index/resource_index/packages/chicken_brain
/workspace/install/chicken_brain/share/chicken_brain/package.xml
/workspace/install/chicken_brain/lib/python3.10/site-packages/chicken_brain-0.0.0-py3.10.egg-info/PKG-INFO
/workspace/install/chicken_brain/lib/python3.10/site-packages/chicken_brain-0.0.0-py3.10.egg-info/zip-safe
/workspace/install/chicken_brain/lib/python3.10/site-packages/chicken_brain-0.0.0-py3.10.egg-info/SOURCES.txt
/workspace/install/chicken_brain/lib/python3.10/site-packages/chicken_brain-0.0.0-py3.10.egg-info/entry_points.txt
/workspace/install/chicken_brain/lib/python3.10/site-packages/chicken_brain-0.0.0-py3.10.egg-info/requires.txt
/workspace/install/chicken_brain/lib/python3.10/site-packages/chicken_brain-0.0.0-py3.10.egg-info/top_level.txt
/workspace/install/chicken_brain/lib/python3.10/site-packages/chicken_brain-0.0.0-py3.10.egg-info/dependency_links.txt
/workspace/install/chicken_brain/lib/chicken_brain/logger
/workspace/install/chicken_brain/lib/chicken_brain/navigator
/workspace/install/chicken_brain/lib/chicken_brain/vision_node
