[0.412s] Invoking command in '/workspace/src/chicken_brain': PYTHONPATH=/workspace/build/chicken_brain/prefix_override:/usr/lib/python3/dist-packages/colcon_core/task/python/colcon_distutils_commands:/workspace/install/chicken_brain/lib/python3.10/site-packages:${PYTHONPATH} /usr/bin/python3 -W ignore:setup.py install is deprecated -W ignore:easy_install command is deprecated setup.py egg_info --egg-base ../../build/chicken_brain build --build-base /workspace/build/chicken_brain/build install --record /workspace/build/chicken_brain/install.log --single-version-externally-managed install_data
[0.487s] running egg_info
[0.488s] writing ../../build/chicken_brain/chicken_brain.egg-info/PKG-INFO
[0.488s] writing dependency_links to ../../build/chicken_brain/chicken_brain.egg-info/dependency_links.txt
[0.489s] writing entry points to ../../build/chicken_brain/chicken_brain.egg-info/entry_points.txt
[0.490s] writing requirements to ../../build/chicken_brain/chicken_brain.egg-info/requires.txt
[0.490s] writing top-level names to ../../build/chicken_brain/chicken_brain.egg-info/top_level.txt
[0.491s] reading manifest file '../../build/chicken_brain/chicken_brain.egg-info/SOURCES.txt'
[0.492s] writing manifest file '../../build/chicken_brain/chicken_brain.egg-info/SOURCES.txt'
[0.492s] running build
[0.493s] running build_py
[0.493s] running install
[0.493s] running install_lib
[0.494s] running install_data
[0.494s] running install_egg_info
[0.494s] removing '/workspace/install/chicken_brain/lib/python3.10/site-packages/chicken_brain-0.0.0-py3.10.egg-info' (and everything under it)
[0.496s] Copying ../../build/chicken_brain/chicken_brain.egg-info to /workspace/install/chicken_brain/lib/python3.10/site-packages/chicken_brain-0.0.0-py3.10.egg-info
[0.503s] running install_scripts
[0.513s] Installing logger script to /workspace/install/chicken_brain/lib/chicken_brain
[0.514s] Installing navigator script to /workspace/install/chicken_brain/lib/chicken_brain
[0.514s] Installing vision_node script to /workspace/install/chicken_brain/lib/chicken_brain
[0.515s] writing list of installed files to '/workspace/build/chicken_brain/install.log'
[0.538s] Invoked command in '/workspace/src/chicken_brain' returned '0': PYTHONPATH=/workspace/build/chicken_brain/prefix_override:/usr/lib/python3/dist-packages/colcon_core/task/python/colcon_distutils_commands:/workspace/install/chicken_brain/lib/python3.10/site-packages:${PYTHONPATH} /usr/bin/python3 -W ignore:setup.py install is deprecated -W ignore:easy_install command is deprecated setup.py egg_info --egg-base ../../build/chicken_brain build --build-base /workspace/build/chicken_brain/build install --record /workspace/build/chicken_brain/install.log --single-version-externally-managed install_data
