[0.405s] Invoking command in '/workspace/src/chicken_brain': PYTHONPATH=/workspace/build/chicken_brain/prefix_override:/usr/lib/python3/dist-packages/colcon_core/task/python/colcon_distutils_commands:/workspace/install/chicken_brain/lib/python3.10/site-packages: /usr/bin/python3 -W ignore:setup.py install is deprecated -W ignore:easy_install command is deprecated setup.py egg_info --egg-base ../../build/chicken_brain build --build-base /workspace/build/chicken_brain/build install --record /workspace/build/chicken_brain/install.log --single-version-externally-managed install_data
[0.466s] running egg_info
[0.467s] writing ../../build/chicken_brain/chicken_brain.egg-info/PKG-INFO
[0.467s] writing dependency_links to ../../build/chicken_brain/chicken_brain.egg-info/dependency_links.txt
[0.468s] writing entry points to ../../build/chicken_brain/chicken_brain.egg-info/entry_points.txt
[0.468s] writing requirements to ../../build/chicken_brain/chicken_brain.egg-info/requires.txt
[0.470s] writing top-level names to ../../build/chicken_brain/chicken_brain.egg-info/top_level.txt
[0.474s] reading manifest file '../../build/chicken_brain/chicken_brain.egg-info/SOURCES.txt'
[0.474s] writing manifest file '../../build/chicken_brain/chicken_brain.egg-info/SOURCES.txt'
[0.474s] running build
[0.475s] running build_py
[0.475s] running install
[0.475s] running install_lib
[0.477s] running install_data
[0.478s] running install_egg_info
[0.480s] removing '/workspace/install/chicken_brain/lib/python3.10/site-packages/chicken_brain-0.0.0-py3.10.egg-info' (and everything under it)
[0.483s] Copying ../../build/chicken_brain/chicken_brain.egg-info to /workspace/install/chicken_brain/lib/python3.10/site-packages/chicken_brain-0.0.0-py3.10.egg-info
[0.492s] running install_scripts
[0.502s] Installing navigator script to /workspace/install/chicken_brain/lib/chicken_brain
[0.502s] Installing vision_node script to /workspace/install/chicken_brain/lib/chicken_brain
[0.503s] writing list of installed files to '/workspace/build/chicken_brain/install.log'
[0.529s] Invoked command in '/workspace/src/chicken_brain' returned '0': PYTHONPATH=/workspace/build/chicken_brain/prefix_override:/usr/lib/python3/dist-packages/colcon_core/task/python/colcon_distutils_commands:/workspace/install/chicken_brain/lib/python3.10/site-packages: /usr/bin/python3 -W ignore:setup.py install is deprecated -W ignore:easy_install command is deprecated setup.py egg_info --egg-base ../../build/chicken_brain build --build-base /workspace/build/chicken_brain/build install --record /workspace/build/chicken_brain/install.log --single-version-externally-managed install_data
