[0.000000] (-) TimerEvent: {}
[0.000751] (chicken_brain) JobQueued: {'identifier': 'chicken_brain', 'dependencies': OrderedDict()}
[0.000849] (ros_tcp_endpoint) JobQueued: {'identifier': 'ros_tcp_endpoint', 'dependencies': OrderedDict()}
[0.000907] (chicken_brain) JobStarted: {'identifier': 'chicken_brain'}
[0.003998] (ros_tcp_endpoint) JobStarted: {'identifier': 'ros_tcp_endpoint'}
[0.101443] (-) TimerEvent: {}
[0.202258] (-) TimerEvent: {}
[0.272646] (chicken_brain) Command: {'cmd': ['/usr/bin/python3', '-W', 'ignore:setup.py install is deprecated', '-W', 'ignore:easy_install command is deprecated', 'setup.py', 'egg_info', '--egg-base', '../../build/chicken_brain', 'build', '--build-base', '/workspace/build/chicken_brain/build', 'install', '--record', '/workspace/build/chicken_brain/install.log', '--single-version-externally-managed', 'install_data'], 'cwd': '/workspace/src/chicken_brain', 'env': {'HOSTNAME': 'cdeec75fc98d', 'SHLVL': '1', 'LD_LIBRARY_PATH': '/opt/ros/humble/lib/aarch64-linux-gnu:/opt/ros/humble/lib', 'HOME': '/root', 'OLDPWD': '/', 'ROS_PYTHON_VERSION': '3', 'ROS_DISTRO': 'humble', '_': '/usr/bin/colcon', 'ROS_VERSION': '2', 'TERM': 'xterm', 'ROS_LOCALHOST_ONLY': '0', 'PATH': '/opt/ros/humble/bin:/usr/local/sbin:/usr/local/bin:/usr/sbin:/usr/bin:/sbin:/bin', 'LANG': 'C.UTF-8', 'AMENT_PREFIX_PATH': '/opt/ros/humble', 'PWD': '/workspace/build/chicken_brain', 'LC_ALL': 'C.UTF-8', 'PYTHONPATH': '/workspace/build/chicken_brain/prefix_override:/usr/lib/python3/dist-packages/colcon_core/task/python/colcon_distutils_commands:/workspace/install/chicken_brain/lib/python3.10/site-packages:/opt/ros/humble/lib/python3.10/site-packages:/opt/ros/humble/local/lib/python3.10/dist-packages', 'COLCON': '1'}, 'shell': False}
[0.283665] (ros_tcp_endpoint) Command: {'cmd': ['/usr/bin/python3', '-W', 'ignore:setup.py install is deprecated', '-W', 'ignore:easy_install command is deprecated', 'setup.py', 'egg_info', '--egg-base', '../../build/ros_tcp_endpoint', 'build', '--build-base', '/workspace/build/ros_tcp_endpoint/build', 'install', '--record', '/workspace/build/ros_tcp_endpoint/install.log', '--install-scripts', '$base/lib/ros_tcp_endpoint', '--single-version-externally-managed', 'install_data'], 'cwd': '/workspace/src/ROS-TCP-Endpoint', 'env': {'HOSTNAME': 'cdeec75fc98d', 'SHLVL': '1', 'LD_LIBRARY_PATH': '/opt/ros/humble/lib/aarch64-linux-gnu:/opt/ros/humble/lib', 'HOME': '/root', 'OLDPWD': '/', 'ROS_PYTHON_VERSION': '3', 'ROS_DISTRO': 'humble', '_': '/usr/bin/colcon', 'ROS_VERSION': '2', 'TERM': 'xterm', 'ROS_LOCALHOST_ONLY': '0', 'PATH': '/opt/ros/humble/bin:/usr/local/sbin:/usr/local/bin:/usr/sbin:/usr/bin:/sbin:/bin', 'LANG': 'C.UTF-8', 'AMENT_PREFIX_PATH': '/opt/ros/humble', 'PWD': '/workspace/build/ros_tcp_endpoint', 'LC_ALL': 'C.UTF-8', 'PYTHONPATH': '/workspace/build/ros_tcp_endpoint/prefix_override:/usr/lib/python3/dist-packages/colcon_core/task/python/colcon_distutils_commands:/workspace/install/ros_tcp_endpoint/lib/python3.10/site-packages:/opt/ros/humble/lib/python3.10/site-packages:/opt/ros/humble/local/lib/python3.10/dist-packages', 'COLCON': '1'}, 'shell': False}
[0.303243] (-) TimerEvent: {}
[0.358974] (chicken_brain) StdoutLine: {'line': b'running egg_info\n'}
[0.359538] (chicken_brain) StdoutLine: {'line': b'writing ../../build/chicken_brain/chicken_brain.egg-info/PKG-INFO\n'}
[0.359911] (chicken_brain) StdoutLine: {'line': b'writing dependency_links to ../../build/chicken_brain/chicken_brain.egg-info/dependency_links.txt\n'}
[0.360222] (chicken_brain) StdoutLine: {'line': b'writing entry points to ../../build/chicken_brain/chicken_brain.egg-info/entry_points.txt\n'}
[0.360472] (chicken_brain) StdoutLine: {'line': b'writing requirements to ../../build/chicken_brain/chicken_brain.egg-info/requires.txt\n'}
[0.360781] (chicken_brain) StdoutLine: {'line': b'writing top-level names to ../../build/chicken_brain/chicken_brain.egg-info/top_level.txt\n'}
[0.362890] (chicken_brain) StdoutLine: {'line': b"reading manifest file '../../build/chicken_brain/chicken_brain.egg-info/SOURCES.txt'\n"}
[0.364907] (ros_tcp_endpoint) StderrLine: {'line': b"/usr/lib/python3/dist-packages/setuptools/dist.py:723: UserWarning: Usage of dash-separated 'script-dir' will not be supported in future versions. Please use the underscore name 'script_dir' instead\n"}
[0.365306] (ros_tcp_endpoint) StderrLine: {'line': b'  warnings.warn(\n'}
[0.365529] (chicken_brain) StdoutLine: {'line': b"writing manifest file '../../build/chicken_brain/chicken_brain.egg-info/SOURCES.txt'\n"}
[0.365807] (chicken_brain) StdoutLine: {'line': b'running build\n'}
[0.366391] (chicken_brain) StdoutLine: {'line': b'running build_py\n'}
[0.366544] (chicken_brain) StdoutLine: {'line': b'running install\n'}
[0.367722] (chicken_brain) StdoutLine: {'line': b'running install_lib\n'}
[0.367809] (chicken_brain) StdoutLine: {'line': b'running install_data\n'}
[0.367890] (chicken_brain) StdoutLine: {'line': b'running install_egg_info\n'}
[0.367968] (chicken_brain) StdoutLine: {'line': b"removing '/workspace/install/chicken_brain/lib/python3.10/site-packages/chicken_brain-0.0.0-py3.10.egg-info' (and everything under it)\n"}
[0.369393] (chicken_brain) StdoutLine: {'line': b'Copying ../../build/chicken_brain/chicken_brain.egg-info to /workspace/install/chicken_brain/lib/python3.10/site-packages/chicken_brain-0.0.0-py3.10.egg-info\n'}
[0.372423] (ros_tcp_endpoint) StdoutLine: {'line': b'running egg_info\n'}
[0.373362] (ros_tcp_endpoint) StdoutLine: {'line': b'writing ../../build/ros_tcp_endpoint/ros_tcp_endpoint.egg-info/PKG-INFO\n'}
[0.373664] (ros_tcp_endpoint) StdoutLine: {'line': b'writing dependency_links to ../../build/ros_tcp_endpoint/ros_tcp_endpoint.egg-info/dependency_links.txt\n'}
[0.374083] (ros_tcp_endpoint) StdoutLine: {'line': b'writing entry points to ../../build/ros_tcp_endpoint/ros_tcp_endpoint.egg-info/entry_points.txt\n'}
[0.374435] (ros_tcp_endpoint) StdoutLine: {'line': b'writing requirements to ../../build/ros_tcp_endpoint/ros_tcp_endpoint.egg-info/requires.txt\n'}
[0.374894] (ros_tcp_endpoint) StdoutLine: {'line': b'writing top-level names to ../../build/ros_tcp_endpoint/ros_tcp_endpoint.egg-info/top_level.txt\n'}
[0.376189] (chicken_brain) StdoutLine: {'line': b'running install_scripts\n'}
[0.379381] (ros_tcp_endpoint) StdoutLine: {'line': b"reading manifest file '../../build/ros_tcp_endpoint/ros_tcp_endpoint.egg-info/SOURCES.txt'\n"}
[0.379976] (ros_tcp_endpoint) StdoutLine: {'line': b"adding license file 'LICENSE'\n"}
[0.380399] (ros_tcp_endpoint) StdoutLine: {'line': b"writing manifest file '../../build/ros_tcp_endpoint/ros_tcp_endpoint.egg-info/SOURCES.txt'\n"}
[0.380558] (ros_tcp_endpoint) StdoutLine: {'line': b'running build\n'}
[0.380974] (ros_tcp_endpoint) StdoutLine: {'line': b'running build_py\n'}
[0.381507] (ros_tcp_endpoint) StdoutLine: {'line': b'running install\n'}
[0.382830] (ros_tcp_endpoint) StdoutLine: {'line': b'running install_lib\n'}
[0.383001] (ros_tcp_endpoint) StdoutLine: {'line': b'running install_data\n'}
[0.383149] (ros_tcp_endpoint) StdoutLine: {'line': b'running install_egg_info\n'}
[0.384354] (ros_tcp_endpoint) StdoutLine: {'line': b"removing '/workspace/install/ros_tcp_endpoint/lib/python3.10/site-packages/ros_tcp_endpoint-0.0.1-py3.10.egg-info' (and everything under it)\n"}
[0.385227] (ros_tcp_endpoint) StdoutLine: {'line': b'Copying ../../build/ros_tcp_endpoint/ros_tcp_endpoint.egg-info to /workspace/install/ros_tcp_endpoint/lib/python3.10/site-packages/ros_tcp_endpoint-0.0.1-py3.10.egg-info\n'}
[0.391071] (ros_tcp_endpoint) StdoutLine: {'line': b'running install_scripts\n'}
[0.394364] (chicken_brain) StdoutLine: {'line': b'Installing logger script to /workspace/install/chicken_brain/lib/chicken_brain\n'}
[0.394694] (chicken_brain) StdoutLine: {'line': b'Installing navigator script to /workspace/install/chicken_brain/lib/chicken_brain\n'}
[0.394959] (chicken_brain) StdoutLine: {'line': b'Installing vision_node script to /workspace/install/chicken_brain/lib/chicken_brain\n'}
[0.395459] (chicken_brain) StdoutLine: {'line': b"writing list of installed files to '/workspace/build/chicken_brain/install.log'\n"}
[0.404260] (-) TimerEvent: {}
[0.404460] (ros_tcp_endpoint) StdoutLine: {'line': b'Installing default_server_endpoint script to /workspace/install/ros_tcp_endpoint/lib/ros_tcp_endpoint\n'}
[0.405195] (ros_tcp_endpoint) StdoutLine: {'line': b"writing list of installed files to '/workspace/build/ros_tcp_endpoint/install.log'\n"}
[0.412754] (chicken_brain) CommandEnded: {'returncode': 0}
[0.421332] (chicken_brain) JobEnded: {'identifier': 'chicken_brain', 'rc': 0}
[0.422636] (ros_tcp_endpoint) CommandEnded: {'returncode': 0}
[0.428245] (ros_tcp_endpoint) JobEnded: {'identifier': 'ros_tcp_endpoint', 'rc': 0}
[0.429192] (-) EventReactorShutdown: {}
